<?xml version="1.0" encoding="UTF-8"?>
<!-- Generated by org.testng.reporters.JUnitXMLReporter -->
<testsuite hostname="ada2-PC" name="TS05" tests="2" failures="1" timestamp="30 Jul 2015 06:38:34 GMT" time="40.05" errors="0">
  <testcase name="Login_page" time="13.378" classname="com.iitbombayX.TS05.TS05_TC01">
    <failure type="org.openqa.selenium.StaleElementReferenceException" message="Element not found in the cache - perhaps the page has changed since it was looked up
Command duration or timeout: 10.42 seconds
For documentation on this error, please visit: http://seleniumhq.org/exceptions/stale_element_reference.html
Build info: version: &amp;apos;2.44.0&amp;apos;, revision: &amp;apos;76d78cf&amp;apos;, time: &amp;apos;2014-10-23 20:03:00&amp;apos;
System info: host: &amp;apos;ada2-PC&amp;apos;, ip: &amp;apos;10.129.151.22&amp;apos;, os.name: &amp;apos;Windows 7&amp;apos;, os.arch: &amp;apos;x86&amp;apos;, os.version: &amp;apos;6.1&amp;apos;, java.version: &amp;apos;1.7.0_79&amp;apos;
Session ID: 6785d07b-450e-4911-997a-b5c503465c60
Driver info: org.openqa.selenium.firefox.FirefoxDriver
Capabilities [{platform=WINDOWS, acceptSslCerts=true, javascriptEnabled=true, cssSelectorsEnabled=true, databaseEnabled=true, browserName=firefox, handlesAlerts=true, browserConnectionEnabled=true, nativeEvents=false, webStorageEnabled=true, rotatable=false, locationContextEnabled=true, applicationCacheEnabled=true, takesScreenshot=true, version=13.0.1}]">
      <![CDATA[org.openqa.selenium.StaleElementReferenceException: Element not found in the cache - perhaps the page has changed since it was looked up
Command duration or timeout: 10.42 seconds
For documentation on this error, please visit: http://seleniumhq.org/exceptions/stale_element_reference.html
Build info: version: '2.44.0', revision: '76d78cf', time: '2014-10-23 20:03:00'
System info: host: 'ada2-PC', ip: '10.129.151.22', os.name: 'Windows 7', os.arch: 'x86', os.version: '6.1', java.version: '1.7.0_79'
Session ID: 6785d07b-450e-4911-997a-b5c503465c60
Driver info: org.openqa.selenium.firefox.FirefoxDriver
Capabilities [{platform=WINDOWS, acceptSslCerts=true, javascriptEnabled=true, cssSelectorsEnabled=true, databaseEnabled=true, browserName=firefox, handlesAlerts=true, browserConnectionEnabled=true, nativeEvents=false, webStorageEnabled=true, rotatable=false, locationContextEnabled=true, applicationCacheEnabled=true, takesScreenshot=true, version=13.0.1}]
	at org.openqa.selenium.remote.ErrorHandler.createThrowable(ErrorHandler.java:204)
	at org.openqa.selenium.remote.ErrorHandler.throwIfResponseFailed(ErrorHandler.java:156)
	at org.openqa.selenium.remote.RemoteWebDriver.execute(RemoteWebDriver.java:599)
	at org.openqa.selenium.remote.RemoteWebElement.execute(RemoteWebElement.java:268)
	at org.openqa.selenium.remote.RemoteWebElement.click(RemoteWebElement.java:79)
	at com.iitbombayX.TS05.TS05_TC01.Login_page(TS05_TC01.java:40)
Caused by: org.openqa.selenium.StaleElementReferenceException: Element not found in the cache - perhaps the page has changed since it was looked up
For documentation on this error, please visit: http://seleniumhq.org/exceptions/stale_element_reference.html
Build info: version: '2.44.0', revision: '76d78cf', time: '2014-10-23 20:03:00'
System info: host: 'ada2-PC', ip: '10.129.151.22', os.name: 'Windows 7', os.arch: 'x86', os.version: '6.1', java.version: '1.7.0_79'
Driver info: driver.version: unknown
	at <anonymous class>.<anonymous method>(resource://fxdriver/modules/web-element-cache.js:8329)
	at <anonymous class>.<anonymous method>(file:///C:/Users/ada2/AppData/Local/Temp/anonymous8894856558658840705webdriver-profile/extensions/fxdriver@googlecode.com/components/command-processor.js:7922)
	at <anonymous class>.<anonymous method>(file:///C:/Users/ada2/AppData/Local/Temp/anonymous8894856558658840705webdriver-profile/extensions/fxdriver@googlecode.com/components/command-processor.js:8957)
	at <anonymous class>.<anonymous method>(file:///C:/Users/ada2/AppData/Local/Temp/anonymous8894856558658840705webdriver-profile/extensions/fxdriver@googlecode.com/components/command-processor.js:11618)
	at <anonymous class>.<anonymous method>(file:///C:/Users/ada2/AppData/Local/Temp/anonymous8894856558658840705webdriver-profile/extensions/fxdriver@googlecode.com/components/command-processor.js:11635)
	at <anonymous class>.<anonymous method>(file:///C:/Users/ada2/AppData/Local/Temp/anonymous8894856558658840705webdriver-profile/extensions/fxdriver@googlecode.com/components/command-processor.js:548)
... Removed 28 stack frames]]>
    </failure>
  </testcase> <!-- Login_page -->
  <testcase name="find_course" time="11.357" classname="com.iitbombayX.TS05.TS05_TC02"/>
</testsuite> <!-- TS05 -->
